Contrastive Learning Training Log - gcn_contrastive_k10_l3_h128_e16_t0.50
Configuration: k=10, layers=3, hidden=128, emb=16, temp=0.5
======================================================================
Epoch    Train Loss      Val Loss        LR           Best    
----------------------------------------------------------------------
1        3.431820        3.426694        0.001000     ✓       
2        3.431505        3.426692        0.001000     ✓       
3        3.431440        3.426690        0.001000     ✓       
4        3.431417        3.426692        0.001000             
5        3.431426        3.426594        0.001000     ✓       
6        3.431443        3.426617        0.001000             
7        3.431375        3.426356        0.000500     ✓       
8        3.431370        3.426587        0.000500             
9        3.431365        3.426593        0.000500             
10       3.431367        3.426460        0.000500             
11       3.431303        3.426458        0.000500             
12       3.431320        3.426322        0.000500     ✓       
13       3.431399        3.426600        0.000500             
14       3.431325        3.425905        0.000500     ✓       
15       3.431329        3.426538        0.000500             
16       3.431314        3.426480        0.000500             
17       3.431338        3.426519        0.000500             
18       3.431332        3.426504        0.000500             
19       3.431366        3.426512        0.000500             
20       3.431334        3.426472        0.000250             
21       3.431335        3.426476        0.000250             
22       3.431353        3.426478        0.000250             
23       3.431306        3.426355        0.000250             
24       3.431193        3.426222        0.000250             
